running egg_info
writing ../../build/turtlebot3_py_navigation/turtlebot3_py_navigation.egg-info/PKG-INFO
writing dependency_links to ../../build/turtlebot3_py_navigation/turtlebot3_py_navigation.egg-info/dependency_links.txt
writing entry points to ../../build/turtlebot3_py_navigation/turtlebot3_py_navigation.egg-info/entry_points.txt
writing requirements to ../../build/turtlebot3_py_navigation/turtlebot3_py_navigation.egg-info/requires.txt
writing top-level names to ../../build/turtlebot3_py_navigation/turtlebot3_py_navigation.egg-info/top_level.txt
reading manifest file '../../build/turtlebot3_py_navigation/turtlebot3_py_navigation.egg-info/SOURCES.txt'
writing manifest file '../../build/turtlebot3_py_navigation/turtlebot3_py_navigation.egg-info/SOURCES.txt'
running build
running build_py
running install
running install_lib
running install_data
running install_egg_info
removing '/app/TURTLEBOT_WS/install/turtlebot3_py_navigation/lib/python3.10/site-packages/turtlebot3_py_navigation-0.0.0-py3.10.egg-info' (and everything under it)
Copying ../../build/turtlebot3_py_navigation/turtlebot3_py_navigation.egg-info to /app/TURTLEBOT_WS/install/turtlebot3_py_navigation/lib/python3.10/site-packages/turtlebot3_py_navigation-0.0.0-py3.10.egg-info
running install_scripts
Installing follow_waypoints script to /app/TURTLEBOT_WS/install/turtlebot3_py_navigation/lib/turtlebot3_py_navigation
Installing nav2_to_point_goal script to /app/TURTLEBOT_WS/install/turtlebot3_py_navigation/lib/turtlebot3_py_navigation
Installing set_initial_pose script to /app/TURTLEBOT_WS/install/turtlebot3_py_navigation/lib/turtlebot3_py_navigation
writing list of installed files to '/app/TURTLEBOT_WS/build/turtlebot3_py_navigation/install.log'
