[0.299s] Invoking command in '/app/prova/turtlebot_ws/src/turtlebot3_py_navigation': PYTHONPATH=/app/prova/turtlebot_ws/build/turtlebot3_py_navigation/prefix_override:/usr/lib/python3/dist-packages/colcon_core/task/python/colcon_distutils_commands:/app/prova/turtlebot_ws/install/turtlebot3_py_navigation/lib/python3.10/site-packages:${PYTHONPATH} /usr/bin/python3 -W ignore:setup.py install is deprecated setup.py egg_info --egg-base ../../build/turtlebot3_py_navigation build --build-base /app/prova/turtlebot_ws/build/turtlebot3_py_navigation/build install --record /app/prova/turtlebot_ws/build/turtlebot3_py_navigation/install.log --single-version-externally-managed install_data
[0.407s] running egg_info
[0.407s] writing ../../build/turtlebot3_py_navigation/turtlebot3_py_navigation.egg-info/PKG-INFO
[0.407s] writing dependency_links to ../../build/turtlebot3_py_navigation/turtlebot3_py_navigation.egg-info/dependency_links.txt
[0.407s] writing entry points to ../../build/turtlebot3_py_navigation/turtlebot3_py_navigation.egg-info/entry_points.txt
[0.407s] writing requirements to ../../build/turtlebot3_py_navigation/turtlebot3_py_navigation.egg-info/requires.txt
[0.408s] writing top-level names to ../../build/turtlebot3_py_navigation/turtlebot3_py_navigation.egg-info/top_level.txt
[0.408s] reading manifest file '../../build/turtlebot3_py_navigation/turtlebot3_py_navigation.egg-info/SOURCES.txt'
[0.409s] writing manifest file '../../build/turtlebot3_py_navigation/turtlebot3_py_navigation.egg-info/SOURCES.txt'
[0.409s] running build
[0.409s] running build_py
[0.409s] copying turtlebot3_py_navigation/set_initial_pose.py -> /app/prova/turtlebot_ws/build/turtlebot3_py_navigation/build/lib/turtlebot3_py_navigation
[0.409s] running install
[0.409s] running install_lib
[0.410s] copying /app/prova/turtlebot_ws/build/turtlebot3_py_navigation/build/lib/turtlebot3_py_navigation/set_initial_pose.py -> /app/prova/turtlebot_ws/install/turtlebot3_py_navigation/lib/python3.10/site-packages/turtlebot3_py_navigation
[0.410s] byte-compiling /app/prova/turtlebot_ws/install/turtlebot3_py_navigation/lib/python3.10/site-packages/turtlebot3_py_navigation/set_initial_pose.py to set_initial_pose.cpython-310.pyc
[0.410s] running install_data
[0.410s] copying package.xml -> /app/prova/turtlebot_ws/install/turtlebot3_py_navigation/share/turtlebot3_py_navigation
[0.410s] running install_egg_info
[0.411s] removing '/app/prova/turtlebot_ws/install/turtlebot3_py_navigation/lib/python3.10/site-packages/turtlebot3_py_navigation-0.0.0-py3.10.egg-info' (and everything under it)
[0.411s] Copying ../../build/turtlebot3_py_navigation/turtlebot3_py_navigation.egg-info to /app/prova/turtlebot_ws/install/turtlebot3_py_navigation/lib/python3.10/site-packages/turtlebot3_py_navigation-0.0.0-py3.10.egg-info
[0.412s] running install_scripts
[0.425s] Installing set_initial_pose script to /app/prova/turtlebot_ws/install/turtlebot3_py_navigation/lib/turtlebot3_py_navigation
[0.425s] writing list of installed files to '/app/prova/turtlebot_ws/build/turtlebot3_py_navigation/install.log'
[0.442s] Invoked command in '/app/prova/turtlebot_ws/src/turtlebot3_py_navigation' returned '0': PYTHONPATH=/app/prova/turtlebot_ws/build/turtlebot3_py_navigation/prefix_override:/usr/lib/python3/dist-packages/colcon_core/task/python/colcon_distutils_commands:/app/prova/turtlebot_ws/install/turtlebot3_py_navigation/lib/python3.10/site-packages:${PYTHONPATH} /usr/bin/python3 -W ignore:setup.py install is deprecated setup.py egg_info --egg-base ../../build/turtlebot3_py_navigation build --build-base /app/prova/turtlebot_ws/build/turtlebot3_py_navigation/build install --record /app/prova/turtlebot_ws/build/turtlebot3_py_navigation/install.log --single-version-externally-managed install_data
