[0.011s] Invoking command in '/app/prova/turtlebot_ws/build/turtlebot3_cpp_navigation': CMAKE_PREFIX_PATH=/opt/ros/humble /usr/bin/cmake /app/prova/turtlebot_ws/src/turtlebot3_cpp_navigation -DCMAKE_INSTALL_PREFIX=/app/prova/turtlebot_ws/install/turtlebot3_cpp_navigation
[0.085s] -- The C compiler identification is GNU 11.4.0
[0.136s] -- The CXX compiler identification is GNU 11.4.0
[0.143s] -- Detecting C compiler ABI info
[0.200s] -- Detecting C compiler ABI info - done
[0.204s] -- Check for working C compiler: /usr/bin/cc - skipped
[0.204s] -- Detecting C compile features
[0.205s] -- Detecting C compile features - done
[0.207s] -- Detecting CXX compiler ABI info
[0.267s] -- Detecting CXX compiler ABI info - done
[0.271s] -- Check for working CXX compiler: /usr/bin/c++ - skipped
[0.271s] -- Detecting CXX compile features
[0.271s] -- Detecting CXX compile features - done
[0.275s] -- Found ament_cmake: 1.3.10 (/opt/ros/humble/share/ament_cmake/cmake)
[0.372s] -- Found Python3: /usr/bin/python3 (found version "3.10.12") found components: Interpreter 
[0.450s] -- Found ament_lint_auto: 0.12.11 (/opt/ros/humble/share/ament_lint_auto/cmake)
[0.504s] -- Added test 'lint_cmake' to check CMake code style
[0.504s] -- Added test 'xmllint' to check XML markup files
[0.506s] -- Configuring done
[0.509s] -- Generating done
[0.510s] -- Build files have been written to: /app/prova/turtlebot_ws/build/turtlebot3_cpp_navigation
[0.515s] Invoked command in '/app/prova/turtlebot_ws/build/turtlebot3_cpp_navigation' returned '0': CMAKE_PREFIX_PATH=/opt/ros/humble /usr/bin/cmake /app/prova/turtlebot_ws/src/turtlebot3_cpp_navigation -DCMAKE_INSTALL_PREFIX=/app/prova/turtlebot_ws/install/turtlebot3_cpp_navigation
[0.517s] Invoking command in '/app/prova/turtlebot_ws/build/turtlebot3_cpp_navigation': CMAKE_PREFIX_PATH=/opt/ros/humble /usr/bin/cmake --build /app/prova/turtlebot_ws/build/turtlebot3_cpp_navigation -- -j16 -l16
[0.547s] Invoked command in '/app/prova/turtlebot_ws/build/turtlebot3_cpp_navigation' returned '0': CMAKE_PREFIX_PATH=/opt/ros/humble /usr/bin/cmake --build /app/prova/turtlebot_ws/build/turtlebot3_cpp_navigation -- -j16 -l16
[0.575s] Invoking command in '/app/prova/turtlebot_ws/build/turtlebot3_cpp_navigation': CMAKE_PREFIX_PATH=/opt/ros/humble /usr/bin/cmake --install /app/prova/turtlebot_ws/build/turtlebot3_cpp_navigation
[0.581s] -- Install configuration: ""
[0.581s] -- Installing: /app/prova/turtlebot_ws/install/turtlebot3_cpp_navigation/share/ament_index/resource_index/package_run_dependencies/turtlebot3_cpp_navigation
[0.581s] -- Installing: /app/prova/turtlebot_ws/install/turtlebot3_cpp_navigation/share/ament_index/resource_index/parent_prefix_path/turtlebot3_cpp_navigation
[0.581s] -- Installing: /app/prova/turtlebot_ws/install/turtlebot3_cpp_navigation/share/turtlebot3_cpp_navigation/environment/ament_prefix_path.sh
[0.581s] -- Installing: /app/prova/turtlebot_ws/install/turtlebot3_cpp_navigation/share/turtlebot3_cpp_navigation/environment/ament_prefix_path.dsv
[0.581s] -- Installing: /app/prova/turtlebot_ws/install/turtlebot3_cpp_navigation/share/turtlebot3_cpp_navigation/environment/path.sh
[0.582s] -- Installing: /app/prova/turtlebot_ws/install/turtlebot3_cpp_navigation/share/turtlebot3_cpp_navigation/environment/path.dsv
[0.582s] -- Installing: /app/prova/turtlebot_ws/install/turtlebot3_cpp_navigation/share/turtlebot3_cpp_navigation/local_setup.bash
[0.582s] -- Installing: /app/prova/turtlebot_ws/install/turtlebot3_cpp_navigation/share/turtlebot3_cpp_navigation/local_setup.sh
[0.582s] -- Installing: /app/prova/turtlebot_ws/install/turtlebot3_cpp_navigation/share/turtlebot3_cpp_navigation/local_setup.zsh
[0.582s] -- Installing: /app/prova/turtlebot_ws/install/turtlebot3_cpp_navigation/share/turtlebot3_cpp_navigation/local_setup.dsv
[0.582s] -- Installing: /app/prova/turtlebot_ws/install/turtlebot3_cpp_navigation/share/turtlebot3_cpp_navigation/package.dsv
[0.582s] -- Installing: /app/prova/turtlebot_ws/install/turtlebot3_cpp_navigation/share/ament_index/resource_index/packages/turtlebot3_cpp_navigation
[0.582s] -- Installing: /app/prova/turtlebot_ws/install/turtlebot3_cpp_navigation/share/turtlebot3_cpp_navigation/cmake/turtlebot3_cpp_navigationConfig.cmake
[0.583s] -- Installing: /app/prova/turtlebot_ws/install/turtlebot3_cpp_navigation/share/turtlebot3_cpp_navigation/cmake/turtlebot3_cpp_navigationConfig-version.cmake
[0.583s] -- Installing: /app/prova/turtlebot_ws/install/turtlebot3_cpp_navigation/share/turtlebot3_cpp_navigation/package.xml
[0.584s] Invoked command in '/app/prova/turtlebot_ws/build/turtlebot3_cpp_navigation' returned '0': CMAKE_PREFIX_PATH=/opt/ros/humble /usr/bin/cmake --install /app/prova/turtlebot_ws/build/turtlebot3_cpp_navigation
