[0.012s] Invoking command in '/app/TURTLEBOT_WS/build/turtlebot3_cpp_navigation': CMAKE_PREFIX_PATH=/opt/ros/humble /usr/bin/cmake --build /app/TURTLEBOT_WS/build/turtlebot3_cpp_navigation -- -j16 -l16
[0.043s] [35m[1mConsolidate compiler generated dependencies of target follow_waypoints[0m
[0.052s] [ 50%] Built target nav2_to_point_goal
[0.055s] [ 75%] [32mBuilding CXX object CMakeFiles/follow_waypoints.dir/src/follow_waypoints.cpp.o[0m
[2.901s] [100%] [32m[1mLinking CXX executable follow_waypoints[0m
[3.028s] [100%] Built target follow_waypoints
[3.039s] Invoked command in '/app/TURTLEBOT_WS/build/turtlebot3_cpp_navigation' returned '0': CMAKE_PREFIX_PATH=/opt/ros/humble /usr/bin/cmake --build /app/TURTLEBOT_WS/build/turtlebot3_cpp_navigation -- -j16 -l16
[3.064s] Invoking command in '/app/TURTLEBOT_WS/build/turtlebot3_cpp_navigation': CMAKE_PREFIX_PATH=/opt/ros/humble /usr/bin/cmake --install /app/TURTLEBOT_WS/build/turtlebot3_cpp_navigation
[3.069s] -- Install configuration: ""
[3.069s] -- Up-to-date: /app/TURTLEBOT_WS/install/turtlebot3_cpp_navigation/lib/turtlebot3_cpp_navigation/nav2_to_point_goal
[3.069s] -- Installing: /app/TURTLEBOT_WS/install/turtlebot3_cpp_navigation/lib/turtlebot3_cpp_navigation/follow_waypoints
[3.070s] -- Set runtime path of "/app/TURTLEBOT_WS/install/turtlebot3_cpp_navigation/lib/turtlebot3_cpp_navigation/follow_waypoints" to ""
[3.070s] -- Up-to-date: /app/TURTLEBOT_WS/install/turtlebot3_cpp_navigation/share/ament_index/resource_index/package_run_dependencies/turtlebot3_cpp_navigation
[3.070s] -- Up-to-date: /app/TURTLEBOT_WS/install/turtlebot3_cpp_navigation/share/ament_index/resource_index/parent_prefix_path/turtlebot3_cpp_navigation
[3.070s] -- Up-to-date: /app/TURTLEBOT_WS/install/turtlebot3_cpp_navigation/share/turtlebot3_cpp_navigation/environment/ament_prefix_path.sh
[3.070s] -- Up-to-date: /app/TURTLEBOT_WS/install/turtlebot3_cpp_navigation/share/turtlebot3_cpp_navigation/environment/ament_prefix_path.dsv
[3.070s] -- Up-to-date: /app/TURTLEBOT_WS/install/turtlebot3_cpp_navigation/share/turtlebot3_cpp_navigation/environment/path.sh
[3.070s] -- Up-to-date: /app/TURTLEBOT_WS/install/turtlebot3_cpp_navigation/share/turtlebot3_cpp_navigation/environment/path.dsv
[3.070s] -- Up-to-date: /app/TURTLEBOT_WS/install/turtlebot3_cpp_navigation/share/turtlebot3_cpp_navigation/local_setup.bash
[3.070s] -- Up-to-date: /app/TURTLEBOT_WS/install/turtlebot3_cpp_navigation/share/turtlebot3_cpp_navigation/local_setup.sh
[3.070s] -- Up-to-date: /app/TURTLEBOT_WS/install/turtlebot3_cpp_navigation/share/turtlebot3_cpp_navigation/local_setup.zsh
[3.070s] -- Up-to-date: /app/TURTLEBOT_WS/install/turtlebot3_cpp_navigation/share/turtlebot3_cpp_navigation/local_setup.dsv
[3.070s] -- Installing: /app/TURTLEBOT_WS/install/turtlebot3_cpp_navigation/share/turtlebot3_cpp_navigation/package.dsv
[3.070s] -- Up-to-date: /app/TURTLEBOT_WS/install/turtlebot3_cpp_navigation/share/ament_index/resource_index/packages/turtlebot3_cpp_navigation
[3.070s] -- Up-to-date: /app/TURTLEBOT_WS/install/turtlebot3_cpp_navigation/share/turtlebot3_cpp_navigation/cmake/turtlebot3_cpp_navigationConfig.cmake
[3.070s] -- Up-to-date: /app/TURTLEBOT_WS/install/turtlebot3_cpp_navigation/share/turtlebot3_cpp_navigation/cmake/turtlebot3_cpp_navigationConfig-version.cmake
[3.070s] -- Up-to-date: /app/TURTLEBOT_WS/install/turtlebot3_cpp_navigation/share/turtlebot3_cpp_navigation/package.xml
[3.072s] Invoked command in '/app/TURTLEBOT_WS/build/turtlebot3_cpp_navigation' returned '0': CMAKE_PREFIX_PATH=/opt/ros/humble /usr/bin/cmake --install /app/TURTLEBOT_WS/build/turtlebot3_cpp_navigation
