-- The C compiler identification is GNU 11.4.0
-- The CXX compiler identification is GNU 11.4.0
-- Detecting C compiler ABI info
-- Detecting C compiler ABI info - done
-- Check for working C compiler: /usr/bin/cc - skipped
-- Detecting C compile features
-- Detecting C compile features - done
-- Detecting CXX compiler ABI info
-- Detecting CXX compiler ABI info - done
-- Check for working CXX compiler: /usr/bin/c++ - skipped
-- Detecting CXX compile features
-- Detecting CXX compile features - done
-- Found ament_cmake: 1.3.10 (/opt/ros/humble/share/ament_cmake/cmake)
-- Found Python3: /usr/bin/python3 (found version "3.10.12") found components: Interpreter 
-- Found ament_lint_auto: 0.12.11 (/opt/ros/humble/share/ament_lint_auto/cmake)
-- Added test 'cppcheck' to perform static code analysis on C / C++ code
-- Configured cppcheck include dirs: 
-- Configured cppcheck exclude dirs and/or files: 
-- Added test 'lint_cmake' to check CMake code style
-- Added test 'uncrustify' to check C / C++ code style
-- Configured uncrustify additional arguments: 
-- Added test 'xmllint' to check XML markup files
-- Configuring done
-- Generating done
-- Build files have been written to: /app/TURTLEBOT_WS/build/turtlebot3_cpp_navigation
-- Install configuration: ""
-- Installing: /app/TURTLEBOT_WS/install/turtlebot3_cpp_navigation/share/ament_index/resource_index/package_run_dependencies/turtlebot3_cpp_navigation
-- Installing: /app/TURTLEBOT_WS/install/turtlebot3_cpp_navigation/share/ament_index/resource_index/parent_prefix_path/turtlebot3_cpp_navigation
-- Installing: /app/TURTLEBOT_WS/install/turtlebot3_cpp_navigation/share/turtlebot3_cpp_navigation/environment/ament_prefix_path.sh
-- Installing: /app/TURTLEBOT_WS/install/turtlebot3_cpp_navigation/share/turtlebot3_cpp_navigation/environment/ament_prefix_path.dsv
-- Installing: /app/TURTLEBOT_WS/install/turtlebot3_cpp_navigation/share/turtlebot3_cpp_navigation/environment/path.sh
-- Installing: /app/TURTLEBOT_WS/install/turtlebot3_cpp_navigation/share/turtlebot3_cpp_navigation/environment/path.dsv
-- Installing: /app/TURTLEBOT_WS/install/turtlebot3_cpp_navigation/share/turtlebot3_cpp_navigation/local_setup.bash
-- Installing: /app/TURTLEBOT_WS/install/turtlebot3_cpp_navigation/share/turtlebot3_cpp_navigation/local_setup.sh
-- Installing: /app/TURTLEBOT_WS/install/turtlebot3_cpp_navigation/share/turtlebot3_cpp_navigation/local_setup.zsh
-- Installing: /app/TURTLEBOT_WS/install/turtlebot3_cpp_navigation/share/turtlebot3_cpp_navigation/local_setup.dsv
-- Installing: /app/TURTLEBOT_WS/install/turtlebot3_cpp_navigation/share/turtlebot3_cpp_navigation/package.dsv
-- Installing: /app/TURTLEBOT_WS/install/turtlebot3_cpp_navigation/share/ament_index/resource_index/packages/turtlebot3_cpp_navigation
-- Installing: /app/TURTLEBOT_WS/install/turtlebot3_cpp_navigation/share/turtlebot3_cpp_navigation/cmake/turtlebot3_cpp_navigationConfig.cmake
-- Installing: /app/TURTLEBOT_WS/install/turtlebot3_cpp_navigation/share/turtlebot3_cpp_navigation/cmake/turtlebot3_cpp_navigationConfig-version.cmake
-- Installing: /app/TURTLEBOT_WS/install/turtlebot3_cpp_navigation/share/turtlebot3_cpp_navigation/package.xml
