[0.009s] Invoking command in '/app/TURTLEBOT_WS/build/turtlebot3_cpp_navigation': CMAKE_PREFIX_PATH=/opt/ros/humble /usr/bin/cmake /app/TURTLEBOT_WS/src/turtlebot3_cpp_navigation -DCMAKE_INSTALL_PREFIX=/app/TURTLEBOT_WS/install/turtlebot3_cpp_navigation
[0.079s] -- The C compiler identification is GNU 11.4.0
[0.133s] -- The CXX compiler identification is GNU 11.4.0
[0.140s] -- Detecting C compiler ABI info
[0.191s] -- Detecting C compiler ABI info - done
[0.197s] -- Check for working C compiler: /usr/bin/cc - skipped
[0.197s] -- Detecting C compile features
[0.197s] -- Detecting C compile features - done
[0.200s] -- Detecting CXX compiler ABI info
[0.254s] -- Detecting CXX compiler ABI info - done
[0.260s] -- Check for working CXX compiler: /usr/bin/c++ - skipped
[0.261s] -- Detecting CXX compile features
[0.261s] -- Detecting CXX compile features - done
[0.267s] -- Found ament_cmake: 1.3.10 (/opt/ros/humble/share/ament_cmake/cmake)
[0.362s] -- Found Python3: /usr/bin/python3 (found version "3.10.12") found components: Interpreter 
[0.439s] -- Found ament_lint_auto: 0.12.11 (/opt/ros/humble/share/ament_lint_auto/cmake)
[0.500s] -- Added test 'cppcheck' to perform static code analysis on C / C++ code
[0.500s] -- Configured cppcheck include dirs: 
[0.500s] -- Configured cppcheck exclude dirs and/or files: 
[0.501s] -- Added test 'lint_cmake' to check CMake code style
[0.501s] -- Added test 'uncrustify' to check C / C++ code style
[0.501s] -- Configured uncrustify additional arguments: 
[0.502s] -- Added test 'xmllint' to check XML markup files
[0.503s] -- Configuring done
[0.506s] -- Generating done
[0.507s] -- Build files have been written to: /app/TURTLEBOT_WS/build/turtlebot3_cpp_navigation
[0.511s] Invoked command in '/app/TURTLEBOT_WS/build/turtlebot3_cpp_navigation' returned '0': CMAKE_PREFIX_PATH=/opt/ros/humble /usr/bin/cmake /app/TURTLEBOT_WS/src/turtlebot3_cpp_navigation -DCMAKE_INSTALL_PREFIX=/app/TURTLEBOT_WS/install/turtlebot3_cpp_navigation
[0.512s] Invoking command in '/app/TURTLEBOT_WS/build/turtlebot3_cpp_navigation': CMAKE_PREFIX_PATH=/opt/ros/humble /usr/bin/cmake --build /app/TURTLEBOT_WS/build/turtlebot3_cpp_navigation -- -j16 -l16
[0.539s] Invoked command in '/app/TURTLEBOT_WS/build/turtlebot3_cpp_navigation' returned '0': CMAKE_PREFIX_PATH=/opt/ros/humble /usr/bin/cmake --build /app/TURTLEBOT_WS/build/turtlebot3_cpp_navigation -- -j16 -l16
[0.560s] Invoking command in '/app/TURTLEBOT_WS/build/turtlebot3_cpp_navigation': CMAKE_PREFIX_PATH=/opt/ros/humble /usr/bin/cmake --install /app/TURTLEBOT_WS/build/turtlebot3_cpp_navigation
[0.564s] -- Install configuration: ""
[0.565s] -- Installing: /app/TURTLEBOT_WS/install/turtlebot3_cpp_navigation/share/ament_index/resource_index/package_run_dependencies/turtlebot3_cpp_navigation
[0.565s] -- Installing: /app/TURTLEBOT_WS/install/turtlebot3_cpp_navigation/share/ament_index/resource_index/parent_prefix_path/turtlebot3_cpp_navigation
[0.565s] -- Installing: /app/TURTLEBOT_WS/install/turtlebot3_cpp_navigation/share/turtlebot3_cpp_navigation/environment/ament_prefix_path.sh
[0.565s] -- Installing: /app/TURTLEBOT_WS/install/turtlebot3_cpp_navigation/share/turtlebot3_cpp_navigation/environment/ament_prefix_path.dsv
[0.565s] -- Installing: /app/TURTLEBOT_WS/install/turtlebot3_cpp_navigation/share/turtlebot3_cpp_navigation/environment/path.sh
[0.565s] -- Installing: /app/TURTLEBOT_WS/install/turtlebot3_cpp_navigation/share/turtlebot3_cpp_navigation/environment/path.dsv
[0.565s] -- Installing: /app/TURTLEBOT_WS/install/turtlebot3_cpp_navigation/share/turtlebot3_cpp_navigation/local_setup.bash
[0.565s] -- Installing: /app/TURTLEBOT_WS/install/turtlebot3_cpp_navigation/share/turtlebot3_cpp_navigation/local_setup.sh
[0.565s] -- Installing: /app/TURTLEBOT_WS/install/turtlebot3_cpp_navigation/share/turtlebot3_cpp_navigation/local_setup.zsh
[0.565s] -- Installing: /app/TURTLEBOT_WS/install/turtlebot3_cpp_navigation/share/turtlebot3_cpp_navigation/local_setup.dsv
[0.566s] -- Installing: /app/TURTLEBOT_WS/install/turtlebot3_cpp_navigation/share/turtlebot3_cpp_navigation/package.dsv
[0.566s] -- Installing: /app/TURTLEBOT_WS/install/turtlebot3_cpp_navigation/share/ament_index/resource_index/packages/turtlebot3_cpp_navigation
[0.566s] -- Installing: /app/TURTLEBOT_WS/install/turtlebot3_cpp_navigation/share/turtlebot3_cpp_navigation/cmake/turtlebot3_cpp_navigationConfig.cmake
[0.566s] -- Installing: /app/TURTLEBOT_WS/install/turtlebot3_cpp_navigation/share/turtlebot3_cpp_navigation/cmake/turtlebot3_cpp_navigationConfig-version.cmake
[0.566s] -- Installing: /app/TURTLEBOT_WS/install/turtlebot3_cpp_navigation/share/turtlebot3_cpp_navigation/package.xml
[0.567s] Invoked command in '/app/TURTLEBOT_WS/build/turtlebot3_cpp_navigation' returned '0': CMAKE_PREFIX_PATH=/opt/ros/humble /usr/bin/cmake --install /app/TURTLEBOT_WS/build/turtlebot3_cpp_navigation
