[0.011s] Invoking command in '/app/prova/turtlebot_ws/build/turtlebot3_cpp_navigation': CMAKE_PREFIX_PATH=/opt/ros/humble /usr/bin/cmake --build /app/prova/turtlebot_ws/build/turtlebot3_cpp_navigation -- -j16 -l16
[0.132s] Invoked command in '/app/prova/turtlebot_ws/build/turtlebot3_cpp_navigation' returned '0': CMAKE_PREFIX_PATH=/opt/ros/humble /usr/bin/cmake --build /app/prova/turtlebot_ws/build/turtlebot3_cpp_navigation -- -j16 -l16
[0.161s] Invoking command in '/app/prova/turtlebot_ws/build/turtlebot3_cpp_navigation': CMAKE_PREFIX_PATH=/opt/ros/humble /usr/bin/cmake --install /app/prova/turtlebot_ws/build/turtlebot3_cpp_navigation
[0.166s] -- Install configuration: ""
[0.167s] -- Up-to-date: /app/prova/turtlebot_ws/install/turtlebot3_cpp_navigation/share/ament_index/resource_index/package_run_dependencies/turtlebot3_cpp_navigation
[0.167s] -- Up-to-date: /app/prova/turtlebot_ws/install/turtlebot3_cpp_navigation/share/ament_index/resource_index/parent_prefix_path/turtlebot3_cpp_navigation
[0.167s] -- Up-to-date: /app/prova/turtlebot_ws/install/turtlebot3_cpp_navigation/share/turtlebot3_cpp_navigation/environment/ament_prefix_path.sh
[0.167s] -- Up-to-date: /app/prova/turtlebot_ws/install/turtlebot3_cpp_navigation/share/turtlebot3_cpp_navigation/environment/ament_prefix_path.dsv
[0.167s] -- Up-to-date: /app/prova/turtlebot_ws/install/turtlebot3_cpp_navigation/share/turtlebot3_cpp_navigation/environment/path.sh
[0.167s] -- Up-to-date: /app/prova/turtlebot_ws/install/turtlebot3_cpp_navigation/share/turtlebot3_cpp_navigation/environment/path.dsv
[0.167s] -- Up-to-date: /app/prova/turtlebot_ws/install/turtlebot3_cpp_navigation/share/turtlebot3_cpp_navigation/local_setup.bash
[0.167s] -- Up-to-date: /app/prova/turtlebot_ws/install/turtlebot3_cpp_navigation/share/turtlebot3_cpp_navigation/local_setup.sh
[0.167s] -- Up-to-date: /app/prova/turtlebot_ws/install/turtlebot3_cpp_navigation/share/turtlebot3_cpp_navigation/local_setup.zsh
[0.167s] -- Up-to-date: /app/prova/turtlebot_ws/install/turtlebot3_cpp_navigation/share/turtlebot3_cpp_navigation/local_setup.dsv
[0.167s] -- Up-to-date: /app/prova/turtlebot_ws/install/turtlebot3_cpp_navigation/share/turtlebot3_cpp_navigation/package.dsv
[0.167s] -- Up-to-date: /app/prova/turtlebot_ws/install/turtlebot3_cpp_navigation/share/ament_index/resource_index/packages/turtlebot3_cpp_navigation
[0.167s] -- Up-to-date: /app/prova/turtlebot_ws/install/turtlebot3_cpp_navigation/share/turtlebot3_cpp_navigation/cmake/turtlebot3_cpp_navigationConfig.cmake
[0.167s] -- Up-to-date: /app/prova/turtlebot_ws/install/turtlebot3_cpp_navigation/share/turtlebot3_cpp_navigation/cmake/turtlebot3_cpp_navigationConfig-version.cmake
[0.167s] -- Up-to-date: /app/prova/turtlebot_ws/install/turtlebot3_cpp_navigation/share/turtlebot3_cpp_navigation/package.xml
[0.168s] Invoked command in '/app/prova/turtlebot_ws/build/turtlebot3_cpp_navigation' returned '0': CMAKE_PREFIX_PATH=/opt/ros/humble /usr/bin/cmake --install /app/prova/turtlebot_ws/build/turtlebot3_cpp_navigation
