[0.077s] DEBUG:colcon:Command line arguments: ['/usr/bin/colcon', 'build']
[0.077s] DEBUG:colcon:Parsed command line arguments: Namespace(log_base=None, log_level=None, verb_name='build', build_base='build', install_base='install', merge_install=False, symlink_install=False, test_result_base=None, continue_on_error=False, executor='parallel', parallel_workers=16, event_handlers=None, ignore_user_meta=False, metas=['./colcon.meta'], base_paths=['.'], packages_ignore=None, packages_ignore_regex=None, paths=None, packages_up_to=None, packages_up_to_regex=None, packages_above=None, packages_above_and_dependencies=None, packages_above_depth=None, packages_select_by_dep=None, packages_skip_by_dep=None, packages_skip_up_to=None, packages_select_build_failed=False, packages_skip_build_finished=False, packages_select_test_failures=False, packages_skip_test_passed=False, packages_select=None, packages_skip=None, packages_select_regex=None, packages_skip_regex=None, packages_start=None, packages_end=None, cmake_args=None, cmake_target=None, cmake_target_skip_unavailable=False, cmake_clean_cache=False, cmake_clean_first=False, cmake_force_configure=False, ament_cmake_args=None, catkin_cmake_args=None, catkin_skip_building_tests=False, mixin_files=None, mixin=None, verb_parser=<colcon_mixin.mixin.mixin_argument.MixinArgumentDecorator object at 0x7f30f0de5390>, verb_extension=<colcon_core.verb.build.BuildVerb object at 0x7f30f0ee5b70>, main=<bound method BuildVerb.main of <colcon_core.verb.build.BuildVerb object at 0x7f30f0ee5b70>>, mixin_verb=('build',))
[0.169s] Level 1:colcon.colcon_core.package_discovery:discover_packages(colcon_meta) check parameters
[0.170s] INFO:colcon.colcon_metadata.package_discovery.colcon_meta:Using configuration from '/root/.colcon/metadata/default/Gazebo.meta'
[0.170s] INFO:colcon.colcon_metadata.package_discovery.colcon_meta:Using configuration from '/root/.colcon/metadata/default/fastrtps.meta'
[0.171s] Level 1:colcon.colcon_core.package_discovery:discover_packages(recursive) check parameters
[0.171s] Level 1:colcon.colcon_core.package_discovery:discover_packages(ignore) check parameters
[0.171s] Level 1:colcon.colcon_core.package_discovery:discover_packages(path) check parameters
[0.171s] Level 1:colcon.colcon_core.package_discovery:discover_packages(colcon_meta) discover
[0.171s] Level 1:colcon.colcon_core.package_discovery:discover_packages(recursive) discover
[0.171s] INFO:colcon.colcon_core.package_discovery:Crawling recursively for packages in '/app/TURTLEBOT_WS'
[0.171s] Level 1:colcon.colcon_core.package_identification:_identify(.) by extensions ['ignore', 'ignore_ament_install']
[0.171s] Level 1:colcon.colcon_core.package_identification:_identify(.) by extension 'ignore'
[0.171s] Level 1:colcon.colcon_core.package_identification:_identify(.) by extension 'ignore_ament_install'
[0.171s] Level 1:colcon.colcon_core.package_identification:_identify(.) by extensions ['colcon_pkg']
[0.171s] Level 1:colcon.colcon_core.package_identification:_identify(.) by extension 'colcon_pkg'
[0.171s] Level 1:colcon.colcon_core.package_identification:_identify(.) by extensions ['colcon_meta']
[0.171s] Level 1:colcon.colcon_core.package_identification:_identify(.) by extension 'colcon_meta'
[0.171s] Level 1:colcon.colcon_core.package_identification:_identify(.) by extensions ['ros']
[0.171s] Level 1:colcon.colcon_core.package_identification:_identify(.) by extension 'ros'
[0.179s] Level 1:colcon.colcon_core.package_identification:_identify(.) by extensions ['cmake', 'python']
[0.179s] Level 1:colcon.colcon_core.package_identification:_identify(.) by extension 'cmake'
[0.179s] Level 1:colcon.colcon_core.package_identification:_identify(.) by extension 'python'
[0.179s] Level 1:colcon.colcon_core.package_identification:_identify(.) by extensions ['python_setup_py']
[0.179s] Level 1:colcon.colcon_core.package_identification:_identify(.) by extension 'python_setup_py'
[0.179s] Level 1:colcon.colcon_core.package_identification:_identify(build) by extensions ['ignore', 'ignore_ament_install']
[0.179s] Level 1:colcon.colcon_core.package_identification:_identify(build) by extension 'ignore'
[0.179s] Level 1:colcon.colcon_core.package_identification:_identify(build) ignored
[0.179s] Level 1:colcon.colcon_core.package_identification:_identify(config) by extensions ['ignore', 'ignore_ament_install']
[0.179s] Level 1:colcon.colcon_core.package_identification:_identify(config) by extension 'ignore'
[0.179s] Level 1:colcon.colcon_core.package_identification:_identify(config) by extension 'ignore_ament_install'
[0.179s] Level 1:colcon.colcon_core.package_identification:_identify(config) by extensions ['colcon_pkg']
[0.179s] Level 1:colcon.colcon_core.package_identification:_identify(config) by extension 'colcon_pkg'
[0.179s] Level 1:colcon.colcon_core.package_identification:_identify(config) by extensions ['colcon_meta']
[0.179s] Level 1:colcon.colcon_core.package_identification:_identify(config) by extension 'colcon_meta'
[0.179s] Level 1:colcon.colcon_core.package_identification:_identify(config) by extensions ['ros']
[0.179s] Level 1:colcon.colcon_core.package_identification:_identify(config) by extension 'ros'
[0.180s] Level 1:colcon.colcon_core.package_identification:_identify(config) by extensions ['cmake', 'python']
[0.180s] Level 1:colcon.colcon_core.package_identification:_identify(config) by extension 'cmake'
[0.180s] Level 1:colcon.colcon_core.package_identification:_identify(config) by extension 'python'
[0.180s] Level 1:colcon.colcon_core.package_identification:_identify(config) by extensions ['python_setup_py']
[0.180s] Level 1:colcon.colcon_core.package_identification:_identify(config) by extension 'python_setup_py'
[0.180s] Level 1:colcon.colcon_core.package_identification:_identify(install) by extensions ['ignore', 'ignore_ament_install']
[0.180s] Level 1:colcon.colcon_core.package_identification:_identify(install) by extension 'ignore'
[0.180s] Level 1:colcon.colcon_core.package_identification:_identify(install) ignored
[0.180s] Level 1:colcon.colcon_core.package_identification:_identify(log) by extensions ['ignore', 'ignore_ament_install']
[0.180s] Level 1:colcon.colcon_core.package_identification:_identify(log) by extension 'ignore'
[0.180s] Level 1:colcon.colcon_core.package_identification:_identify(log) ignored
[0.180s] Level 1:colcon.colcon_core.package_identification:_identify(maps) by extensions ['ignore', 'ignore_ament_install']
[0.180s] Level 1:colcon.colcon_core.package_identification:_identify(maps) by extension 'ignore'
[0.180s] Level 1:colcon.colcon_core.package_identification:_identify(maps) by extension 'ignore_ament_install'
[0.180s] Level 1:colcon.colcon_core.package_identification:_identify(maps) by extensions ['colcon_pkg']
[0.180s] Level 1:colcon.colcon_core.package_identification:_identify(maps) by extension 'colcon_pkg'
[0.180s] Level 1:colcon.colcon_core.package_identification:_identify(maps) by extensions ['colcon_meta']
[0.180s] Level 1:colcon.colcon_core.package_identification:_identify(maps) by extension 'colcon_meta'
[0.180s] Level 1:colcon.colcon_core.package_identification:_identify(maps) by extensions ['ros']
[0.180s] Level 1:colcon.colcon_core.package_identification:_identify(maps) by extension 'ros'
[0.180s] Level 1:colcon.colcon_core.package_identification:_identify(maps) by extensions ['cmake', 'python']
[0.180s] Level 1:colcon.colcon_core.package_identification:_identify(maps) by extension 'cmake'
[0.180s] Level 1:colcon.colcon_core.package_identification:_identify(maps) by extension 'python'
[0.180s] Level 1:colcon.colcon_core.package_identification:_identify(maps) by extensions ['python_setup_py']
[0.180s] Level 1:colcon.colcon_core.package_identification:_identify(maps) by extension 'python_setup_py'
[0.180s] Level 1:colcon.colcon_core.package_identification:_identify(src) by extensions ['ignore', 'ignore_ament_install']
[0.180s] Level 1:colcon.colcon_core.package_identification:_identify(src) by extension 'ignore'
[0.180s] Level 1:colcon.colcon_core.package_identification:_identify(src) by extension 'ignore_ament_install'
[0.180s] Level 1:colcon.colcon_core.package_identification:_identify(src) by extensions ['colcon_pkg']
[0.180s] Level 1:colcon.colcon_core.package_identification:_identify(src) by extension 'colcon_pkg'
[0.180s] Level 1:colcon.colcon_core.package_identification:_identify(src) by extensions ['colcon_meta']
[0.181s] Level 1:colcon.colcon_core.package_identification:_identify(src) by extension 'colcon_meta'
[0.181s] Level 1:colcon.colcon_core.package_identification:_identify(src) by extensions ['ros']
[0.181s] Level 1:colcon.colcon_core.package_identification:_identify(src) by extension 'ros'
[0.181s] Level 1:colcon.colcon_core.package_identification:_identify(src) by extensions ['cmake', 'python']
[0.181s] Level 1:colcon.colcon_core.package_identification:_identify(src) by extension 'cmake'
[0.181s] Level 1:colcon.colcon_core.package_identification:_identify(src) by extension 'python'
[0.181s] Level 1:colcon.colcon_core.package_identification:_identify(src) by extensions ['python_setup_py']
[0.181s] Level 1:colcon.colcon_core.package_identification:_identify(src) by extension 'python_setup_py'
[0.181s] Level 1:colcon.colcon_core.package_identification:_identify(src/turtlebot3_cpp_navigation) by extensions ['ignore', 'ignore_ament_install']
[0.181s] Level 1:colcon.colcon_core.package_identification:_identify(src/turtlebot3_cpp_navigation) by extension 'ignore'
[0.181s] Level 1:colcon.colcon_core.package_identification:_identify(src/turtlebot3_cpp_navigation) by extension 'ignore_ament_install'
[0.181s] Level 1:colcon.colcon_core.package_identification:_identify(src/turtlebot3_cpp_navigation) by extensions ['colcon_pkg']
[0.181s] Level 1:colcon.colcon_core.package_identification:_identify(src/turtlebot3_cpp_navigation) by extension 'colcon_pkg'
[0.181s] Level 1:colcon.colcon_core.package_identification:_identify(src/turtlebot3_cpp_navigation) by extensions ['colcon_meta']
[0.181s] Level 1:colcon.colcon_core.package_identification:_identify(src/turtlebot3_cpp_navigation) by extension 'colcon_meta'
[0.181s] Level 1:colcon.colcon_core.package_identification:_identify(src/turtlebot3_cpp_navigation) by extensions ['ros']
[0.181s] Level 1:colcon.colcon_core.package_identification:_identify(src/turtlebot3_cpp_navigation) by extension 'ros'
[0.183s] DEBUG:colcon.colcon_core.package_identification:Package 'src/turtlebot3_cpp_navigation' with type 'ros.ament_cmake' and name 'turtlebot3_cpp_navigation'
[0.183s] Level 1:colcon.colcon_core.package_identification:_identify(src/turtlebot3_py_navigation) by extensions ['ignore', 'ignore_ament_install']
[0.183s] Level 1:colcon.colcon_core.package_identification:_identify(src/turtlebot3_py_navigation) by extension 'ignore'
[0.183s] Level 1:colcon.colcon_core.package_identification:_identify(src/turtlebot3_py_navigation) by extension 'ignore_ament_install'
[0.183s] Level 1:colcon.colcon_core.package_identification:_identify(src/turtlebot3_py_navigation) by extensions ['colcon_pkg']
[0.183s] Level 1:colcon.colcon_core.package_identification:_identify(src/turtlebot3_py_navigation) by extension 'colcon_pkg'
[0.183s] Level 1:colcon.colcon_core.package_identification:_identify(src/turtlebot3_py_navigation) by extensions ['colcon_meta']
[0.183s] Level 1:colcon.colcon_core.package_identification:_identify(src/turtlebot3_py_navigation) by extension 'colcon_meta'
[0.183s] Level 1:colcon.colcon_core.package_identification:_identify(src/turtlebot3_py_navigation) by extensions ['ros']
[0.183s] Level 1:colcon.colcon_core.package_identification:_identify(src/turtlebot3_py_navigation) by extension 'ros'
[0.183s] DEBUG:colcon.colcon_core.package_identification:Package 'src/turtlebot3_py_navigation' with type 'ros.ament_python' and name 'turtlebot3_py_navigation'
[0.183s] Level 1:colcon.colcon_core.package_discovery:discover_packages(recursive) using defaults
[0.183s] Level 1:colcon.colcon_core.package_discovery:discover_packages(ignore) discover
[0.183s] Level 1:colcon.colcon_core.package_discovery:discover_packages(ignore) using defaults
[0.183s] Level 1:colcon.colcon_core.package_discovery:discover_packages(path) discover
[0.183s] Level 1:colcon.colcon_core.package_discovery:discover_packages(path) using defaults
[0.196s] Level 5:colcon.colcon_core.verb:set package 'turtlebot3_cpp_navigation' build argument 'cmake_args' from command line to 'None'
[0.196s] Level 5:colcon.colcon_core.verb:set package 'turtlebot3_cpp_navigation' build argument 'cmake_target' from command line to 'None'
[0.196s] Level 5:colcon.colcon_core.verb:set package 'turtlebot3_cpp_navigation' build argument 'cmake_target_skip_unavailable' from command line to 'False'
[0.196s] Level 5:colcon.colcon_core.verb:set package 'turtlebot3_cpp_navigation' build argument 'cmake_clean_cache' from command line to 'False'
[0.196s] Level 5:colcon.colcon_core.verb:set package 'turtlebot3_cpp_navigation' build argument 'cmake_clean_first' from command line to 'False'
[0.196s] Level 5:colcon.colcon_core.verb:set package 'turtlebot3_cpp_navigation' build argument 'cmake_force_configure' from command line to 'False'
[0.196s] Level 5:colcon.colcon_core.verb:set package 'turtlebot3_cpp_navigation' build argument 'ament_cmake_args' from command line to 'None'
[0.196s] Level 5:colcon.colcon_core.verb:set package 'turtlebot3_cpp_navigation' build argument 'catkin_cmake_args' from command line to 'None'
[0.196s] Level 5:colcon.colcon_core.verb:set package 'turtlebot3_cpp_navigation' build argument 'catkin_skip_building_tests' from command line to 'False'
[0.196s] DEBUG:colcon.colcon_core.verb:Building package 'turtlebot3_cpp_navigation' with the following arguments: {'ament_cmake_args': None, 'build_base': '/app/TURTLEBOT_WS/build/turtlebot3_cpp_navigation', 'catkin_cmake_args': None, 'catkin_skip_building_tests': False, 'cmake_args': None, 'cmake_clean_cache': False, 'cmake_clean_first': False, 'cmake_force_configure': False, 'cmake_target': None, 'cmake_target_skip_unavailable': False, 'install_base': '/app/TURTLEBOT_WS/install/turtlebot3_cpp_navigation', 'merge_install': False, 'path': '/app/TURTLEBOT_WS/src/turtlebot3_cpp_navigation', 'symlink_install': False, 'test_result_base': None}
[0.196s] Level 5:colcon.colcon_core.verb:set package 'turtlebot3_py_navigation' build argument 'cmake_args' from command line to 'None'
[0.196s] Level 5:colcon.colcon_core.verb:set package 'turtlebot3_py_navigation' build argument 'cmake_target' from command line to 'None'
[0.196s] Level 5:colcon.colcon_core.verb:set package 'turtlebot3_py_navigation' build argument 'cmake_target_skip_unavailable' from command line to 'False'
[0.196s] Level 5:colcon.colcon_core.verb:set package 'turtlebot3_py_navigation' build argument 'cmake_clean_cache' from command line to 'False'
[0.196s] Level 5:colcon.colcon_core.verb:set package 'turtlebot3_py_navigation' build argument 'cmake_clean_first' from command line to 'False'
[0.196s] Level 5:colcon.colcon_core.verb:set package 'turtlebot3_py_navigation' build argument 'cmake_force_configure' from command line to 'False'
[0.196s] Level 5:colcon.colcon_core.verb:set package 'turtlebot3_py_navigation' build argument 'ament_cmake_args' from command line to 'None'
[0.196s] Level 5:colcon.colcon_core.verb:set package 'turtlebot3_py_navigation' build argument 'catkin_cmake_args' from command line to 'None'
[0.197s] Level 5:colcon.colcon_core.verb:set package 'turtlebot3_py_navigation' build argument 'catkin_skip_building_tests' from command line to 'False'
[0.197s] DEBUG:colcon.colcon_core.verb:Building package 'turtlebot3_py_navigation' with the following arguments: {'ament_cmake_args': None, 'build_base': '/app/TURTLEBOT_WS/build/turtlebot3_py_navigation', 'catkin_cmake_args': None, 'catkin_skip_building_tests': False, 'cmake_args': None, 'cmake_clean_cache': False, 'cmake_clean_first': False, 'cmake_force_configure': False, 'cmake_target': None, 'cmake_target_skip_unavailable': False, 'install_base': '/app/TURTLEBOT_WS/install/turtlebot3_py_navigation', 'merge_install': False, 'path': '/app/TURTLEBOT_WS/src/turtlebot3_py_navigation', 'symlink_install': False, 'test_result_base': None}
[0.197s] INFO:colcon.colcon_core.executor:Executing jobs using 'parallel' executor
[0.197s] DEBUG:colcon.colcon_parallel_executor.executor.parallel:run_until_complete
[0.198s] INFO:colcon.colcon_ros.task.ament_cmake.build:Building ROS package in '/app/TURTLEBOT_WS/src/turtlebot3_cpp_navigation' with build type 'ament_cmake'
[0.198s] INFO:colcon.colcon_cmake.task.cmake.build:Building CMake package in '/app/TURTLEBOT_WS/src/turtlebot3_cpp_navigation'
[0.199s] INFO:colcon.colcon_core.plugin_system:Skipping extension 'colcon_core.shell.bat': Not used on non-Windows systems
[0.199s] INFO:colcon.colcon_core.shell:Skip shell extension 'powershell' for command environment: Not usable outside of PowerShell
[0.199s] DEBUG:colcon.colcon_core.shell:Skip shell extension 'dsv' for command environment
[0.202s] INFO:colcon.colcon_ros.task.ament_python.build:Building ROS package in '/app/TURTLEBOT_WS/src/turtlebot3_py_navigation' with build type 'ament_python'
[0.202s] Level 1:colcon.colcon_core.shell:create_environment_hook('turtlebot3_py_navigation', 'ament_prefix_path')
[0.202s] INFO:colcon.colcon_core.shell:Creating environment hook '/app/TURTLEBOT_WS/install/turtlebot3_py_navigation/share/turtlebot3_py_navigation/hook/ament_prefix_path.ps1'
[0.203s] INFO:colcon.colcon_core.shell:Creating environment descriptor '/app/TURTLEBOT_WS/install/turtlebot3_py_navigation/share/turtlebot3_py_navigation/hook/ament_prefix_path.dsv'
[0.203s] INFO:colcon.colcon_core.shell:Creating environment hook '/app/TURTLEBOT_WS/install/turtlebot3_py_navigation/share/turtlebot3_py_navigation/hook/ament_prefix_path.sh'
[0.203s] INFO:colcon.colcon_core.shell:Skip shell extension 'powershell' for command environment: Not usable outside of PowerShell
[0.203s] DEBUG:colcon.colcon_core.shell:Skip shell extension 'dsv' for command environment
[0.210s] DEBUG:colcon.colcon_core.event_handler.log_command:Invoking command in '/app/TURTLEBOT_WS/build/turtlebot3_cpp_navigation': CMAKE_PREFIX_PATH=/opt/ros/humble /usr/bin/cmake --build /app/TURTLEBOT_WS/build/turtlebot3_cpp_navigation -- -j16 -l16
[0.368s] INFO:colcon.colcon_core.task.python.build:Building Python package in '/app/TURTLEBOT_WS/src/turtlebot3_py_navigation'
[0.368s] INFO:colcon.colcon_core.shell:Skip shell extension 'powershell' for command environment: Not usable outside of PowerShell
[0.368s] DEBUG:colcon.colcon_core.shell:Skip shell extension 'dsv' for command environment
[0.605s] DEBUG:colcon.colcon_core.event_handler.log_command:Invoking command in '/app/TURTLEBOT_WS/src/turtlebot3_py_navigation': PYTHONPATH=/app/TURTLEBOT_WS/build/turtlebot3_py_navigation/prefix_override:/usr/lib/python3/dist-packages/colcon_core/task/python/colcon_distutils_commands:/app/TURTLEBOT_WS/install/turtlebot3_py_navigation/lib/python3.10/site-packages:${PYTHONPATH} /usr/bin/python3 -W ignore:setup.py install is deprecated setup.py egg_info --egg-base ../../build/turtlebot3_py_navigation build --build-base /app/TURTLEBOT_WS/build/turtlebot3_py_navigation/build install --record /app/TURTLEBOT_WS/build/turtlebot3_py_navigation/install.log --single-version-externally-managed install_data
[0.799s] DEBUG:colcon.colcon_core.event_handler.log_command:Invoked command in '/app/TURTLEBOT_WS/src/turtlebot3_py_navigation' returned '0': PYTHONPATH=/app/TURTLEBOT_WS/build/turtlebot3_py_navigation/prefix_override:/usr/lib/python3/dist-packages/colcon_core/task/python/colcon_distutils_commands:/app/TURTLEBOT_WS/install/turtlebot3_py_navigation/lib/python3.10/site-packages:${PYTHONPATH} /usr/bin/python3 -W ignore:setup.py install is deprecated setup.py egg_info --egg-base ../../build/turtlebot3_py_navigation build --build-base /app/TURTLEBOT_WS/build/turtlebot3_py_navigation/build install --record /app/TURTLEBOT_WS/build/turtlebot3_py_navigation/install.log --single-version-externally-managed install_data
[0.801s] Level 1:colcon.colcon_core.environment:checking '/app/TURTLEBOT_WS/install/turtlebot3_py_navigation' for CMake module files
[0.801s] Level 1:colcon.colcon_core.environment:checking '/app/TURTLEBOT_WS/install/turtlebot3_py_navigation' for CMake config files
[0.810s] Level 1:colcon.colcon_core.environment:checking '/app/TURTLEBOT_WS/install/turtlebot3_py_navigation/lib'
[0.810s] Level 1:colcon.colcon_core.environment:checking '/app/TURTLEBOT_WS/install/turtlebot3_py_navigation/bin'
[0.810s] Level 1:colcon.colcon_core.environment:checking '/app/TURTLEBOT_WS/install/turtlebot3_py_navigation/lib/pkgconfig/turtlebot3_py_navigation.pc'
[0.810s] Level 1:colcon.colcon_core.environment:checking '/app/TURTLEBOT_WS/install/turtlebot3_py_navigation/lib/python3.10/site-packages'
[0.811s] Level 1:colcon.colcon_core.shell:create_environment_hook('turtlebot3_py_navigation', 'pythonpath')
[0.811s] INFO:colcon.colcon_core.shell:Creating environment hook '/app/TURTLEBOT_WS/install/turtlebot3_py_navigation/share/turtlebot3_py_navigation/hook/pythonpath.ps1'
[0.811s] INFO:colcon.colcon_core.shell:Creating environment descriptor '/app/TURTLEBOT_WS/install/turtlebot3_py_navigation/share/turtlebot3_py_navigation/hook/pythonpath.dsv'
[0.812s] INFO:colcon.colcon_core.shell:Creating environment hook '/app/TURTLEBOT_WS/install/turtlebot3_py_navigation/share/turtlebot3_py_navigation/hook/pythonpath.sh'
[0.812s] Level 1:colcon.colcon_core.environment:checking '/app/TURTLEBOT_WS/install/turtlebot3_py_navigation/bin'
[0.812s] Level 1:colcon.colcon_core.environment:create_environment_scripts_only(turtlebot3_py_navigation)
[0.812s] INFO:colcon.colcon_core.shell:Creating package script '/app/TURTLEBOT_WS/install/turtlebot3_py_navigation/share/turtlebot3_py_navigation/package.ps1'
[0.813s] INFO:colcon.colcon_core.shell:Creating package descriptor '/app/TURTLEBOT_WS/install/turtlebot3_py_navigation/share/turtlebot3_py_navigation/package.dsv'
[0.813s] INFO:colcon.colcon_core.shell:Creating package script '/app/TURTLEBOT_WS/install/turtlebot3_py_navigation/share/turtlebot3_py_navigation/package.sh'
[0.814s] INFO:colcon.colcon_core.shell:Creating package script '/app/TURTLEBOT_WS/install/turtlebot3_py_navigation/share/turtlebot3_py_navigation/package.bash'
[0.814s] INFO:colcon.colcon_core.shell:Creating package script '/app/TURTLEBOT_WS/install/turtlebot3_py_navigation/share/turtlebot3_py_navigation/package.zsh'
[0.815s] Level 1:colcon.colcon_core.environment:create_file_with_runtime_dependencies(/app/TURTLEBOT_WS/install/turtlebot3_py_navigation/share/colcon-core/packages/turtlebot3_py_navigation)
[3.236s] DEBUG:colcon.colcon_core.event_handler.log_command:Invoked command in '/app/TURTLEBOT_WS/build/turtlebot3_cpp_navigation' returned '0': CMAKE_PREFIX_PATH=/opt/ros/humble /usr/bin/cmake --build /app/TURTLEBOT_WS/build/turtlebot3_cpp_navigation -- -j16 -l16
[3.262s] DEBUG:colcon.colcon_core.event_handler.log_command:Invoking command in '/app/TURTLEBOT_WS/build/turtlebot3_cpp_navigation': CMAKE_PREFIX_PATH=/opt/ros/humble /usr/bin/cmake --install /app/TURTLEBOT_WS/build/turtlebot3_cpp_navigation
[3.269s] Level 1:colcon.colcon_core.environment:create_environment_scripts_only(turtlebot3_cpp_navigation)
[3.269s] Level 1:colcon.colcon_core.environment:checking '/app/TURTLEBOT_WS/install/turtlebot3_cpp_navigation' for CMake module files
[3.269s] DEBUG:colcon.colcon_core.event_handler.log_command:Invoked command in '/app/TURTLEBOT_WS/build/turtlebot3_cpp_navigation' returned '0': CMAKE_PREFIX_PATH=/opt/ros/humble /usr/bin/cmake --install /app/TURTLEBOT_WS/build/turtlebot3_cpp_navigation
[3.269s] Level 1:colcon.colcon_core.environment:checking '/app/TURTLEBOT_WS/install/turtlebot3_cpp_navigation' for CMake config files
[3.270s] Level 1:colcon.colcon_core.shell:create_environment_hook('turtlebot3_cpp_navigation', 'cmake_prefix_path')
[3.270s] INFO:colcon.colcon_core.shell:Creating environment hook '/app/TURTLEBOT_WS/install/turtlebot3_cpp_navigation/share/turtlebot3_cpp_navigation/hook/cmake_prefix_path.ps1'
[3.270s] INFO:colcon.colcon_core.shell:Creating environment descriptor '/app/TURTLEBOT_WS/install/turtlebot3_cpp_navigation/share/turtlebot3_cpp_navigation/hook/cmake_prefix_path.dsv'
[3.270s] INFO:colcon.colcon_core.shell:Creating environment hook '/app/TURTLEBOT_WS/install/turtlebot3_cpp_navigation/share/turtlebot3_cpp_navigation/hook/cmake_prefix_path.sh'
[3.271s] Level 1:colcon.colcon_core.environment:checking '/app/TURTLEBOT_WS/install/turtlebot3_cpp_navigation/lib'
[3.271s] Level 1:colcon.colcon_core.environment:checking '/app/TURTLEBOT_WS/install/turtlebot3_cpp_navigation/bin'
[3.271s] Level 1:colcon.colcon_core.environment:checking '/app/TURTLEBOT_WS/install/turtlebot3_cpp_navigation/lib/pkgconfig/turtlebot3_cpp_navigation.pc'
[3.271s] Level 1:colcon.colcon_core.environment:checking '/app/TURTLEBOT_WS/install/turtlebot3_cpp_navigation/lib/python3.10/site-packages'
[3.271s] Level 1:colcon.colcon_core.environment:checking '/app/TURTLEBOT_WS/install/turtlebot3_cpp_navigation/bin'
[3.271s] INFO:colcon.colcon_core.shell:Creating package script '/app/TURTLEBOT_WS/install/turtlebot3_cpp_navigation/share/turtlebot3_cpp_navigation/package.ps1'
[3.271s] INFO:colcon.colcon_core.shell:Creating package descriptor '/app/TURTLEBOT_WS/install/turtlebot3_cpp_navigation/share/turtlebot3_cpp_navigation/package.dsv'
[3.272s] INFO:colcon.colcon_core.shell:Creating package script '/app/TURTLEBOT_WS/install/turtlebot3_cpp_navigation/share/turtlebot3_cpp_navigation/package.sh'
[3.272s] INFO:colcon.colcon_core.shell:Creating package script '/app/TURTLEBOT_WS/install/turtlebot3_cpp_navigation/share/turtlebot3_cpp_navigation/package.bash'
[3.272s] INFO:colcon.colcon_core.shell:Creating package script '/app/TURTLEBOT_WS/install/turtlebot3_cpp_navigation/share/turtlebot3_cpp_navigation/package.zsh'
[3.272s] Level 1:colcon.colcon_core.environment:create_file_with_runtime_dependencies(/app/TURTLEBOT_WS/install/turtlebot3_cpp_navigation/share/colcon-core/packages/turtlebot3_cpp_navigation)
[3.290s] Level 1:colcon.colcon_core.environment:create_environment_scripts_only(turtlebot3_cpp_navigation)
[3.291s] Level 1:colcon.colcon_core.environment:checking '/app/TURTLEBOT_WS/install/turtlebot3_cpp_navigation' for CMake module files
[3.291s] Level 1:colcon.colcon_core.environment:checking '/app/TURTLEBOT_WS/install/turtlebot3_cpp_navigation' for CMake config files
[3.291s] Level 1:colcon.colcon_core.shell:create_environment_hook('turtlebot3_cpp_navigation', 'cmake_prefix_path')
[3.291s] INFO:colcon.colcon_core.shell:Creating environment hook '/app/TURTLEBOT_WS/install/turtlebot3_cpp_navigation/share/turtlebot3_cpp_navigation/hook/cmake_prefix_path.ps1'
[3.292s] INFO:colcon.colcon_core.shell:Creating environment descriptor '/app/TURTLEBOT_WS/install/turtlebot3_cpp_navigation/share/turtlebot3_cpp_navigation/hook/cmake_prefix_path.dsv'
[3.292s] INFO:colcon.colcon_core.shell:Creating environment hook '/app/TURTLEBOT_WS/install/turtlebot3_cpp_navigation/share/turtlebot3_cpp_navigation/hook/cmake_prefix_path.sh'
[3.292s] Level 1:colcon.colcon_core.environment:checking '/app/TURTLEBOT_WS/install/turtlebot3_cpp_navigation/lib'
[3.292s] Level 1:colcon.colcon_core.environment:checking '/app/TURTLEBOT_WS/install/turtlebot3_cpp_navigation/bin'
[3.292s] Level 1:colcon.colcon_core.environment:checking '/app/TURTLEBOT_WS/install/turtlebot3_cpp_navigation/lib/pkgconfig/turtlebot3_cpp_navigation.pc'
[3.293s] Level 1:colcon.colcon_core.environment:checking '/app/TURTLEBOT_WS/install/turtlebot3_cpp_navigation/lib/python3.10/site-packages'
[3.293s] Level 1:colcon.colcon_core.environment:checking '/app/TURTLEBOT_WS/install/turtlebot3_cpp_navigation/bin'
[3.293s] INFO:colcon.colcon_core.shell:Creating package script '/app/TURTLEBOT_WS/install/turtlebot3_cpp_navigation/share/turtlebot3_cpp_navigation/package.ps1'
[3.293s] INFO:colcon.colcon_core.shell:Creating package descriptor '/app/TURTLEBOT_WS/install/turtlebot3_cpp_navigation/share/turtlebot3_cpp_navigation/package.dsv'
[3.293s] INFO:colcon.colcon_core.shell:Creating package script '/app/TURTLEBOT_WS/install/turtlebot3_cpp_navigation/share/turtlebot3_cpp_navigation/package.sh'
[3.294s] INFO:colcon.colcon_core.shell:Creating package script '/app/TURTLEBOT_WS/install/turtlebot3_cpp_navigation/share/turtlebot3_cpp_navigation/package.bash'
[3.294s] INFO:colcon.colcon_core.shell:Creating package script '/app/TURTLEBOT_WS/install/turtlebot3_cpp_navigation/share/turtlebot3_cpp_navigation/package.zsh'
[3.294s] Level 1:colcon.colcon_core.environment:create_file_with_runtime_dependencies(/app/TURTLEBOT_WS/install/turtlebot3_cpp_navigation/share/colcon-core/packages/turtlebot3_cpp_navigation)
[3.294s] DEBUG:colcon.colcon_parallel_executor.executor.parallel:closing loop
[3.295s] DEBUG:colcon.colcon_parallel_executor.executor.parallel:loop closed
[3.295s] DEBUG:colcon.colcon_parallel_executor.executor.parallel:run_until_complete finished with '0'
[3.295s] DEBUG:colcon.colcon_core.event_reactor:joining thread
[3.298s] INFO:colcon.colcon_core.plugin_system:Skipping extension 'colcon_notification.desktop_notification.notify_send': Could not find 'notify-send'
[3.298s] INFO:colcon.colcon_core.plugin_system:Skipping extension 'colcon_notification.desktop_notification.terminal_notifier': Not used on non-Darwin systems
[3.298s] INFO:colcon.colcon_core.plugin_system:Skipping extension 'colcon_notification.desktop_notification.win32': Not used on non-Windows systems
[3.298s] INFO:colcon.colcon_notification.desktop_notification:Sending desktop notification using 'notify2'
[3.300s] DEBUG:colcon.colcon_notification.desktop_notification.notify2:Failed to initialize notify2: org.freedesktop.DBus.Error.Spawn.ExecFailed: /usr/bin/dbus-launch terminated abnormally without any error message
[3.300s] DEBUG:colcon.colcon_core.event_reactor:joined thread
[3.301s] INFO:colcon.colcon_core.shell:Creating prefix script '/app/TURTLEBOT_WS/install/local_setup.ps1'
[3.301s] INFO:colcon.colcon_core.shell:Creating prefix util module '/app/TURTLEBOT_WS/install/_local_setup_util_ps1.py'
[3.302s] INFO:colcon.colcon_core.shell:Creating prefix chain script '/app/TURTLEBOT_WS/install/setup.ps1'
[3.303s] INFO:colcon.colcon_core.shell:Creating prefix script '/app/TURTLEBOT_WS/install/local_setup.sh'
[3.303s] INFO:colcon.colcon_core.shell:Creating prefix util module '/app/TURTLEBOT_WS/install/_local_setup_util_sh.py'
[3.304s] INFO:colcon.colcon_core.shell:Creating prefix chain script '/app/TURTLEBOT_WS/install/setup.sh'
[3.304s] INFO:colcon.colcon_core.shell:Creating prefix script '/app/TURTLEBOT_WS/install/local_setup.bash'
[3.304s] INFO:colcon.colcon_core.shell:Creating prefix chain script '/app/TURTLEBOT_WS/install/setup.bash'
[3.305s] INFO:colcon.colcon_core.shell:Creating prefix script '/app/TURTLEBOT_WS/install/local_setup.zsh'
[3.305s] INFO:colcon.colcon_core.shell:Creating prefix chain script '/app/TURTLEBOT_WS/install/setup.zsh'
