/app/TURTLEBOT_WS/install/turtlebot3_py_navigation/lib/python3.10/site-packages/turtlebot3_py_navigation/navigation_helper.py
/app/TURTLEBOT_WS/install/turtlebot3_py_navigation/lib/python3.10/site-packages/turtlebot3_py_navigation/__init__.py
/app/TURTLEBOT_WS/install/turtlebot3_py_navigation/lib/python3.10/site-packages/turtlebot3_py_navigation/follow_waypoints.py
/app/TURTLEBOT_WS/install/turtlebot3_py_navigation/lib/python3.10/site-packages/turtlebot3_py_navigation/set_initial_pose.py
/app/TURTLEBOT_WS/install/turtlebot3_py_navigation/lib/python3.10/site-packages/turtlebot3_py_navigation/nav2_to_point_goal.py
/app/TURTLEBOT_WS/install/turtlebot3_py_navigation/lib/python3.10/site-packages/turtlebot3_py_navigation/__pycache__/navigation_helper.cpython-310.pyc
/app/TURTLEBOT_WS/install/turtlebot3_py_navigation/lib/python3.10/site-packages/turtlebot3_py_navigation/__pycache__/__init__.cpython-310.pyc
/app/TURTLEBOT_WS/install/turtlebot3_py_navigation/lib/python3.10/site-packages/turtlebot3_py_navigation/__pycache__/follow_waypoints.cpython-310.pyc
/app/TURTLEBOT_WS/install/turtlebot3_py_navigation/lib/python3.10/site-packages/turtlebot3_py_navigation/__pycache__/set_initial_pose.cpython-310.pyc
/app/TURTLEBOT_WS/install/turtlebot3_py_navigation/lib/python3.10/site-packages/turtlebot3_py_navigation/__pycache__/nav2_to_point_goal.cpython-310.pyc
/app/TURTLEBOT_WS/install/turtlebot3_py_navigation/share/ament_index/resource_index/packages/turtlebot3_py_navigation
/app/TURTLEBOT_WS/install/turtlebot3_py_navigation/share/turtlebot3_py_navigation/package.xml
/app/TURTLEBOT_WS/install/turtlebot3_py_navigation/lib/python3.10/site-packages/turtlebot3_py_navigation-0.0.0-py3.10.egg-info/requires.txt
/app/TURTLEBOT_WS/install/turtlebot3_py_navigation/lib/python3.10/site-packages/turtlebot3_py_navigation-0.0.0-py3.10.egg-info/zip-safe
/app/TURTLEBOT_WS/install/turtlebot3_py_navigation/lib/python3.10/site-packages/turtlebot3_py_navigation-0.0.0-py3.10.egg-info/dependency_links.txt
/app/TURTLEBOT_WS/install/turtlebot3_py_navigation/lib/python3.10/site-packages/turtlebot3_py_navigation-0.0.0-py3.10.egg-info/PKG-INFO
/app/TURTLEBOT_WS/install/turtlebot3_py_navigation/lib/python3.10/site-packages/turtlebot3_py_navigation-0.0.0-py3.10.egg-info/SOURCES.txt
/app/TURTLEBOT_WS/install/turtlebot3_py_navigation/lib/python3.10/site-packages/turtlebot3_py_navigation-0.0.0-py3.10.egg-info/entry_points.txt
/app/TURTLEBOT_WS/install/turtlebot3_py_navigation/lib/python3.10/site-packages/turtlebot3_py_navigation-0.0.0-py3.10.egg-info/top_level.txt
/app/TURTLEBOT_WS/install/turtlebot3_py_navigation/lib/turtlebot3_py_navigation/follow_waypoints
/app/TURTLEBOT_WS/install/turtlebot3_py_navigation/lib/turtlebot3_py_navigation/nav2_to_point_goal
/app/TURTLEBOT_WS/install/turtlebot3_py_navigation/lib/turtlebot3_py_navigation/set_initial_pose
