running egg_info
creating ../../build/turtlebot3_py_navigation/turtlebot3_py_navigation.egg-info
writing ../../build/turtlebot3_py_navigation/turtlebot3_py_navigation.egg-info/PKG-INFO
writing dependency_links to ../../build/turtlebot3_py_navigation/turtlebot3_py_navigation.egg-info/dependency_links.txt
writing entry points to ../../build/turtlebot3_py_navigation/turtlebot3_py_navigation.egg-info/entry_points.txt
writing requirements to ../../build/turtlebot3_py_navigation/turtlebot3_py_navigation.egg-info/requires.txt
writing top-level names to ../../build/turtlebot3_py_navigation/turtlebot3_py_navigation.egg-info/top_level.txt
writing manifest file '../../build/turtlebot3_py_navigation/turtlebot3_py_navigation.egg-info/SOURCES.txt'
reading manifest file '../../build/turtlebot3_py_navigation/turtlebot3_py_navigation.egg-info/SOURCES.txt'
writing manifest file '../../build/turtlebot3_py_navigation/turtlebot3_py_navigation.egg-info/SOURCES.txt'
running build
running build_py
creating /app/prova/turtlebot_ws/build/turtlebot3_py_navigation/build
creating /app/prova/turtlebot_ws/build/turtlebot3_py_navigation/build/lib
creating /app/prova/turtlebot_ws/build/turtlebot3_py_navigation/build/lib/turtlebot3_py_navigation
copying turtlebot3_py_navigation/__init__.py -> /app/prova/turtlebot_ws/build/turtlebot3_py_navigation/build/lib/turtlebot3_py_navigation
running install
running install_lib
creating /app/prova/turtlebot_ws/install/turtlebot3_py_navigation/lib/python3.10/site-packages/turtlebot3_py_navigation
copying /app/prova/turtlebot_ws/build/turtlebot3_py_navigation/build/lib/turtlebot3_py_navigation/__init__.py -> /app/prova/turtlebot_ws/install/turtlebot3_py_navigation/lib/python3.10/site-packages/turtlebot3_py_navigation
byte-compiling /app/prova/turtlebot_ws/install/turtlebot3_py_navigation/lib/python3.10/site-packages/turtlebot3_py_navigation/__init__.py to __init__.cpython-310.pyc
running install_data
creating /app/prova/turtlebot_ws/install/turtlebot3_py_navigation/share/ament_index
creating /app/prova/turtlebot_ws/install/turtlebot3_py_navigation/share/ament_index/resource_index
creating /app/prova/turtlebot_ws/install/turtlebot3_py_navigation/share/ament_index/resource_index/packages
copying resource/turtlebot3_py_navigation -> /app/prova/turtlebot_ws/install/turtlebot3_py_navigation/share/ament_index/resource_index/packages
copying package.xml -> /app/prova/turtlebot_ws/install/turtlebot3_py_navigation/share/turtlebot3_py_navigation
running install_egg_info
Copying ../../build/turtlebot3_py_navigation/turtlebot3_py_navigation.egg-info to /app/prova/turtlebot_ws/install/turtlebot3_py_navigation/lib/python3.10/site-packages/turtlebot3_py_navigation-0.0.0-py3.10.egg-info
running install_scripts
writing list of installed files to '/app/prova/turtlebot_ws/build/turtlebot3_py_navigation/install.log'
