[0.361s] Invoking command in '/app/prova/turtlebot_ws/src/turtlebot3_py_navigation': PYTHONPATH=/app/prova/turtlebot_ws/build/turtlebot3_py_navigation/prefix_override:/usr/lib/python3/dist-packages/colcon_core/task/python/colcon_distutils_commands:/app/prova/turtlebot_ws/install/turtlebot3_py_navigation/lib/python3.10/site-packages:${PYTHONPATH} /usr/bin/python3 -W ignore:setup.py install is deprecated setup.py egg_info --egg-base ../../build/turtlebot3_py_navigation build --build-base /app/prova/turtlebot_ws/build/turtlebot3_py_navigation/build install --record /app/prova/turtlebot_ws/build/turtlebot3_py_navigation/install.log --single-version-externally-managed install_data
[0.475s] running egg_info
[0.475s] creating ../../build/turtlebot3_py_navigation/turtlebot3_py_navigation.egg-info
[0.475s] writing ../../build/turtlebot3_py_navigation/turtlebot3_py_navigation.egg-info/PKG-INFO
[0.475s] writing dependency_links to ../../build/turtlebot3_py_navigation/turtlebot3_py_navigation.egg-info/dependency_links.txt
[0.475s] writing entry points to ../../build/turtlebot3_py_navigation/turtlebot3_py_navigation.egg-info/entry_points.txt
[0.475s] writing requirements to ../../build/turtlebot3_py_navigation/turtlebot3_py_navigation.egg-info/requires.txt
[0.476s] writing top-level names to ../../build/turtlebot3_py_navigation/turtlebot3_py_navigation.egg-info/top_level.txt
[0.476s] writing manifest file '../../build/turtlebot3_py_navigation/turtlebot3_py_navigation.egg-info/SOURCES.txt'
[0.477s] reading manifest file '../../build/turtlebot3_py_navigation/turtlebot3_py_navigation.egg-info/SOURCES.txt'
[0.477s] writing manifest file '../../build/turtlebot3_py_navigation/turtlebot3_py_navigation.egg-info/SOURCES.txt'
[0.477s] running build
[0.477s] running build_py
[0.477s] creating /app/prova/turtlebot_ws/build/turtlebot3_py_navigation/build
[0.477s] creating /app/prova/turtlebot_ws/build/turtlebot3_py_navigation/build/lib
[0.477s] creating /app/prova/turtlebot_ws/build/turtlebot3_py_navigation/build/lib/turtlebot3_py_navigation
[0.477s] copying turtlebot3_py_navigation/__init__.py -> /app/prova/turtlebot_ws/build/turtlebot3_py_navigation/build/lib/turtlebot3_py_navigation
[0.477s] running install
[0.477s] running install_lib
[0.478s] creating /app/prova/turtlebot_ws/install/turtlebot3_py_navigation/lib/python3.10/site-packages/turtlebot3_py_navigation
[0.478s] copying /app/prova/turtlebot_ws/build/turtlebot3_py_navigation/build/lib/turtlebot3_py_navigation/__init__.py -> /app/prova/turtlebot_ws/install/turtlebot3_py_navigation/lib/python3.10/site-packages/turtlebot3_py_navigation
[0.478s] byte-compiling /app/prova/turtlebot_ws/install/turtlebot3_py_navigation/lib/python3.10/site-packages/turtlebot3_py_navigation/__init__.py to __init__.cpython-310.pyc
[0.478s] running install_data
[0.478s] creating /app/prova/turtlebot_ws/install/turtlebot3_py_navigation/share/ament_index
[0.478s] creating /app/prova/turtlebot_ws/install/turtlebot3_py_navigation/share/ament_index/resource_index
[0.479s] creating /app/prova/turtlebot_ws/install/turtlebot3_py_navigation/share/ament_index/resource_index/packages
[0.479s] copying resource/turtlebot3_py_navigation -> /app/prova/turtlebot_ws/install/turtlebot3_py_navigation/share/ament_index/resource_index/packages
[0.479s] copying package.xml -> /app/prova/turtlebot_ws/install/turtlebot3_py_navigation/share/turtlebot3_py_navigation
[0.479s] running install_egg_info
[0.479s] Copying ../../build/turtlebot3_py_navigation/turtlebot3_py_navigation.egg-info to /app/prova/turtlebot_ws/install/turtlebot3_py_navigation/lib/python3.10/site-packages/turtlebot3_py_navigation-0.0.0-py3.10.egg-info
[0.480s] running install_scripts
[0.492s] writing list of installed files to '/app/prova/turtlebot_ws/build/turtlebot3_py_navigation/install.log'
[0.513s] Invoked command in '/app/prova/turtlebot_ws/src/turtlebot3_py_navigation' returned '0': PYTHONPATH=/app/prova/turtlebot_ws/build/turtlebot3_py_navigation/prefix_override:/usr/lib/python3/dist-packages/colcon_core/task/python/colcon_distutils_commands:/app/prova/turtlebot_ws/install/turtlebot3_py_navigation/lib/python3.10/site-packages:${PYTHONPATH} /usr/bin/python3 -W ignore:setup.py install is deprecated setup.py egg_info --egg-base ../../build/turtlebot3_py_navigation build --build-base /app/prova/turtlebot_ws/build/turtlebot3_py_navigation/build install --record /app/prova/turtlebot_ws/build/turtlebot3_py_navigation/install.log --single-version-externally-managed install_data
