running egg_info
writing ../../build/turtlebot3_py_navigation/turtlebot3_py_navigation.egg-info/PKG-INFO
writing dependency_links to ../../build/turtlebot3_py_navigation/turtlebot3_py_navigation.egg-info/dependency_links.txt
writing entry points to ../../build/turtlebot3_py_navigation/turtlebot3_py_navigation.egg-info/entry_points.txt
writing requirements to ../../build/turtlebot3_py_navigation/turtlebot3_py_navigation.egg-info/requires.txt
writing top-level names to ../../build/turtlebot3_py_navigation/turtlebot3_py_navigation.egg-info/top_level.txt
reading manifest file '../../build/turtlebot3_py_navigation/turtlebot3_py_navigation.egg-info/SOURCES.txt'
writing manifest file '../../build/turtlebot3_py_navigation/turtlebot3_py_navigation.egg-info/SOURCES.txt'
running build
running build_py
copying turtlebot3_py_navigation/set_initial_pose.py -> /app/prova/turtlebot_ws/build/turtlebot3_py_navigation/build/lib/turtlebot3_py_navigation
running install
running install_lib
copying /app/prova/turtlebot_ws/build/turtlebot3_py_navigation/build/lib/turtlebot3_py_navigation/set_initial_pose.py -> /app/prova/turtlebot_ws/install/turtlebot3_py_navigation/lib/python3.10/site-packages/turtlebot3_py_navigation
byte-compiling /app/prova/turtlebot_ws/install/turtlebot3_py_navigation/lib/python3.10/site-packages/turtlebot3_py_navigation/set_initial_pose.py to set_initial_pose.cpython-310.pyc
running install_data
copying package.xml -> /app/prova/turtlebot_ws/install/turtlebot3_py_navigation/share/turtlebot3_py_navigation
running install_egg_info
removing '/app/prova/turtlebot_ws/install/turtlebot3_py_navigation/lib/python3.10/site-packages/turtlebot3_py_navigation-0.0.0-py3.10.egg-info' (and everything under it)
Copying ../../build/turtlebot3_py_navigation/turtlebot3_py_navigation.egg-info to /app/prova/turtlebot_ws/install/turtlebot3_py_navigation/lib/python3.10/site-packages/turtlebot3_py_navigation-0.0.0-py3.10.egg-info
running install_scripts
Installing set_initial_pose script to /app/prova/turtlebot_ws/install/turtlebot3_py_navigation/lib/turtlebot3_py_navigation
writing list of installed files to '/app/prova/turtlebot_ws/build/turtlebot3_py_navigation/install.log'
